{"code":"MODULE_NOT_FOUND","level":"error","requireStack":["E:\\shivam\\wissensqulle\\app\\startup\\routes.js","E:\\shivam\\wissensqulle\\index.js"]}
{"level":"error"}
{"code":"MODULE_NOT_FOUND","level":"error","requireStack":["E:\\shivam\\wissensqulle\\app\\startup\\routes.js","E:\\shivam\\wissensqulle\\index.js"]}
{"code":"MODULE_NOT_FOUND","level":"error","requireStack":["E:\\shivam\\wissensqulle\\app\\startup\\routes.js","E:\\shivam\\wissensqulle\\index.js"]}
{"code":"MODULE_NOT_FOUND","level":"error","requireStack":["E:\\shivam\\wissensqulle\\app\\startup\\routes.js","E:\\shivam\\wissensqulle\\index.js"]}
{"level":"error"}
{"level":"error"}
{"level":"error"}
{"level":"error"}
{"level":"error"}
{"level":"error"}
{"level":"error"}
{"level":"error"}
{"level":"error"}
{"level":"error"}
{"level":"error"}
{"code":"MODULE_NOT_FOUND","level":"error","requireStack":["E:\\shivam\\wissensqulle\\app\\controllers\\users.js","E:\\shivam\\wissensqulle\\app\\routes\\users.js","E:\\shivam\\wissensqulle\\app\\startup\\routes.js","E:\\shivam\\wissensqulle\\index.js"]}
{"code":"MODULE_NOT_FOUND","level":"error","requireStack":["E:\\shivam\\wissensqulle\\app\\controllers\\users.js","E:\\shivam\\wissensqulle\\app\\routes\\users.js","E:\\shivam\\wissensqulle\\app\\startup\\routes.js","E:\\shivam\\wissensqulle\\index.js"]}
{"level":"error"}
{"level":"error"}
{"level":"error"}
{"level":"error"}
{"level":"error"}
{"level":"error"}
{"level":"error"}
{"level":"error"}
{"level":"error"}
{"level":"error"}
{"level":"info","message":"successfully connected to the database"}
{"level":"info","message":"successfully connected to the database"}
{"level":"error","message":"listing on port 5000"}
{"level":"info","message":"successfully connected to the database"}
{"level":"info","message":"listing on port 5000"}
{"level":"info","message":"successfully connected to the database"}
{"level":"info","message":"listing on port 5000"}
{"level":"info","message":"successfully connected to the database"}
{"level":"info","message":"listing on port 5000"}
{"level":"info","message":"successfully connected to the database"}
{"level":"info","message":"listing on port 5000"}
{"level":"info","message":"successfully connected to the database"}
{"level":"info","message":"listing on port 5000"}
{"level":"info","message":"successfully connected to the database"}
{"level":"info","message":"listing on port 5000"}
{"level":"info","message":"successfully connected to the database"}
{"level":"info","message":"listing on port 5000"}
{"level":"info","message":"successfully connected to the database"}
